Построение начато 18.05.2014 20:58:18.
     1>Проект "E:\Алгоритмы\Knuth–Morris–Pratt algorithm\Knuth–Morris–Pratt algorithm\Knuth–Morris–Pratt algorithm.vcxproj" в узле 2 (целевые объекты build).
     1>InitializeBuildStatus:
         Создание "Debug\Knuth–Morris–Pratt algorithm.unsuccessfulbuild", так как было задано "AlwaysCreate".
       ClCompile:
         C:\Program Files (x86)\Microsoft Visual Studio 10.0\VC\bin\CL.exe /c /ZI /nologo /W3 /WX- /Od /Oy- /D WIN32 /D _DEBUG /D _CONSOLE /D _UNICODE /D UNICODE /Gm /EHsc /RTC1 /MDd /GS /fp:precise /Zc:wchar_t /Zc:forScope /Fo"Debug\\" /Fd"Debug\vc100.pdb" /Gd /TP /analyze- /errorReport:prompt main.cpp
         main.cpp
     1>e:\алгоритмы\knuth–morris–pratt algorithm\knuth–morris–pratt algorithm\main.cpp(27): warning C4018: <: несоответствие типов со знаком и без знака
       ManifestResourceCompile:
         C:\Program Files (x86)\Microsoft SDKs\Windows\v7.0A\bin\rc.exe /nologo /fo"Debug\Knuth–Morris–Pratt algorithm.exe.embed.manifest.res" "Debug\Knuth–Morris–Pratt algorithm_manifest.rc" 
       Link:
         C:\Program Files (x86)\Microsoft Visual Studio 10.0\VC\bin\link.exe /ERRORREPORT:PROMPT /OUT:"E:\Алгоритмы\Knuth–Morris–Pratt algorithm\Debug\Knuth–Morris–Pratt algorithm.exe" /INCREMENTAL /NOLOGO kernel32.lib user32.lib gdi32.lib winspool.lib comdlg32.lib advapi32.lib shell32.lib ole32.lib oleaut32.lib uuid.lib odbc32.lib odbccp32.lib /MANIFEST /ManifestFile:"Debug\Knuth–Morris–Pratt algorithm.exe.intermediate.manifest" /MANIFESTUAC:"level='asInvoker' uiAccess='false'" /DEBUG /PDB:"E:\Алгоритмы\Knuth–Morris–Pratt algorithm\Debug\Knuth–Morris–Pratt algorithm.pdb" /SUBSYSTEM:CONSOLE /TLBID:1 /DYNAMICBASE /NXCOMPAT /IMPLIB:"E:\Алгоритмы\Knuth–Morris–Pratt algorithm\Debug\Knuth–Morris–Pratt algorithm.lib" /MACHINE:X86 "Debug\Knuth–Morris–Pratt algorithm.exe.embed.manifest.res"
         Debug\functions.obj
         Debug\main.obj
       Manifest:
         C:\Program Files (x86)\Microsoft SDKs\Windows\v7.0A\bin\mt.exe /nologo /verbose /out:"Debug\Knuth–Morris–Pratt algorithm.exe.embed.manifest" /manifest "Debug\Knuth–Morris–Pratt algorithm.exe.intermediate.manifest"
         Для всех выходных данных обновления не требуется.
       LinkEmbedManifest:
         Для всех выходных данных обновления не требуется.
         Knuth–Morris–Pratt algorithm.vcxproj -> E:\Алгоритмы\Knuth–Morris–Pratt algorithm\Debug\Knuth–Morris–Pratt algorithm.exe
       FinalizeBuildStatus:
         Файл "Debug\Knuth–Morris–Pratt algorithm.unsuccessfulbuild" удаляется.
         Обращение к "Debug\Knuth–Morris–Pratt algorithm.lastbuildstate".
     1>Построение проекта "E:\Алгоритмы\Knuth–Morris–Pratt algorithm\Knuth–Morris–Pratt algorithm\Knuth–Morris–Pratt algorithm.vcxproj" завершено (целевые объекты build).

Построение успешно завершено.

Затраченное время: 00:00:03.27
