Построение начато 22.04.2014 21:34:45.
     1>Проект "E:\Алгоритмы\Двумерная упаковка\Двумерная упаковка\Двумерная упаковка.vcxproj" в узле 2 (целевые объекты build).
     1>InitializeBuildStatus:
         Создание "Debug\Двумерная упаковка.unsuccessfulbuild", так как было задано "AlwaysCreate".
       ClCompile:
         C:\Program Files (x86)\Microsoft Visual Studio 10.0\VC\bin\CL.exe /c /ZI /nologo /W3 /WX- /Od /Oy- /D WIN32 /D _DEBUG /D _CONSOLE /D _UNICODE /D UNICODE /Gm /EHsc /RTC1 /MDd /GS /fp:precise /Zc:wchar_t /Zc:forScope /Fo"Debug\\" /Fd"Debug\vc100.pdb" /Gd /TP /analyze- /errorReport:prompt main.cpp
         main.cpp
       ManifestResourceCompile:
         Для всех выходных данных обновления не требуется.
       Link:
         C:\Program Files (x86)\Microsoft Visual Studio 10.0\VC\bin\link.exe /ERRORREPORT:PROMPT /OUT:"E:\Алгоритмы\Двумерная упаковка\Debug\Двумерная упаковка.exe" /INCREMENTAL /NOLOGO kernel32.lib user32.lib gdi32.lib winspool.lib comdlg32.lib advapi32.lib shell32.lib ole32.lib oleaut32.lib uuid.lib odbc32.lib odbccp32.lib /MANIFEST /ManifestFile:"Debug\Двумерная упаковка.exe.intermediate.manifest" /MANIFESTUAC:"level='asInvoker' uiAccess='false'" /DEBUG /PDB:"E:\Алгоритмы\Двумерная упаковка\Debug\Двумерная упаковка.pdb" /SUBSYSTEM:CONSOLE /TLBID:1 /DYNAMICBASE /NXCOMPAT /IMPLIB:"E:\Алгоритмы\Двумерная упаковка\Debug\Двумерная упаковка.lib" /MACHINE:X86 "Debug\Двумерная упаковка.exe.embed.manifest.res"
         Debug\main.obj
       Manifest:
         C:\Program Files (x86)\Microsoft SDKs\Windows\v7.0A\bin\mt.exe /nologo /verbose /out:"Debug\Двумерная упаковка.exe.embed.manifest" /manifest "Debug\Двумерная упаковка.exe.intermediate.manifest"
         Для всех выходных данных обновления не требуется.
       LinkEmbedManifest:
         Для всех выходных данных обновления не требуется.
         Двумерная упаковка.vcxproj -> E:\Алгоритмы\Двумерная упаковка\Debug\Двумерная упаковка.exe
       FinalizeBuildStatus:
         Файл "Debug\Двумерная упаковка.unsuccessfulbuild" удаляется.
         Обращение к "Debug\Двумерная упаковка.lastbuildstate".
     1>Построение проекта "E:\Алгоритмы\Двумерная упаковка\Двумерная упаковка\Двумерная упаковка.vcxproj" завершено (целевые объекты build).

Построение успешно завершено.

Затраченное время: 00:00:01.17
