Построение начато 23.04.2014 10:16:39.
     1>Проект "E:\Алгоритмы\SequentialColoring\SequentialColoring\SequentialColoring.vcxproj" в узле 2 (целевые объекты build).
     1>InitializeBuildStatus:
         Создание "Debug\SequentialColoring.unsuccessfulbuild", так как было задано "AlwaysCreate".
       ClCompile:
         C:\Program Files (x86)\Microsoft Visual Studio 10.0\VC\bin\CL.exe /c /ZI /nologo /W3 /WX- /Od /Oy- /D WIN32 /D _DEBUG /D _CONSOLE /D _UNICODE /D UNICODE /Gm /EHsc /RTC1 /MDd /GS /fp:precise /Zc:wchar_t /Zc:forScope /Fo"Debug\\" /Fd"Debug\vc100.pdb" /Gd /TP /analyze- /errorReport:prompt functions.cpp
         functions.cpp
     1>e:\алгоритмы\sequentialcoloring\sequentialcoloring\functions.cpp(187): warning C4715: Graph::chooseFirstVertex: значение возвращается не при всех путях выполнения
       ManifestResourceCompile:
         Для всех выходных данных обновления не требуется.
       Link:
         C:\Program Files (x86)\Microsoft Visual Studio 10.0\VC\bin\link.exe /ERRORREPORT:PROMPT /OUT:"E:\Алгоритмы\SequentialColoring\Debug\SequentialColoring.exe" /INCREMENTAL /NOLOGO kernel32.lib user32.lib gdi32.lib winspool.lib comdlg32.lib advapi32.lib shell32.lib ole32.lib oleaut32.lib uuid.lib odbc32.lib odbccp32.lib /MANIFEST /ManifestFile:"Debug\SequentialColoring.exe.intermediate.manifest" /MANIFESTUAC:"level='asInvoker' uiAccess='false'" /DEBUG /PDB:"E:\Алгоритмы\SequentialColoring\Debug\SequentialColoring.pdb" /SUBSYSTEM:CONSOLE /TLBID:1 /DYNAMICBASE /NXCOMPAT /IMPLIB:"E:\Алгоритмы\SequentialColoring\Debug\SequentialColoring.lib" /MACHINE:X86 Debug\SequentialColoring.exe.embed.manifest.res
         Debug\functions.obj
         Debug\main.obj
       Manifest:
         C:\Program Files (x86)\Microsoft SDKs\Windows\v7.0A\bin\mt.exe /nologo /verbose /out:"Debug\SequentialColoring.exe.embed.manifest" /manifest Debug\SequentialColoring.exe.intermediate.manifest
         Для всех выходных данных обновления не требуется.
       LinkEmbedManifest:
         Для всех выходных данных обновления не требуется.
         SequentialColoring.vcxproj -> E:\Алгоритмы\SequentialColoring\Debug\SequentialColoring.exe
       FinalizeBuildStatus:
         Файл "Debug\SequentialColoring.unsuccessfulbuild" удаляется.
         Обращение к "Debug\SequentialColoring.lastbuildstate".
     1>Построение проекта "E:\Алгоритмы\SequentialColoring\SequentialColoring\SequentialColoring.vcxproj" завершено (целевые объекты build).

Построение успешно завершено.

Затраченное время: 00:00:01.53
