Построение начато 12.12.2013 11:47:24.
     1>Проект "E:\Алгоритмы\Eulerian_cycle\Eulerian_cycle\Eulerian_cycle.vcxproj" в узле 2 (целевые объекты build).
     1>InitializeBuildStatus:
         Создание "Debug\Eulerian_cycle.unsuccessfulbuild", так как было задано "AlwaysCreate".
       ClCompile:
         C:\Program Files (x86)\Microsoft Visual Studio 10.0\VC\bin\CL.exe /c /ZI /nologo /W3 /WX- /Od /Oy- /D WIN32 /D _DEBUG /D _CONSOLE /D _UNICODE /D UNICODE /Gm /EHsc /RTC1 /MDd /GS /fp:precise /Zc:wchar_t /Zc:forScope /Fo"Debug\\" /Fd"Debug\vc100.pdb" /Gd /TP /analyze- /errorReport:prompt Graph.cpp
         Graph.cpp
       ManifestResourceCompile:
         Для всех выходных данных обновления не требуется.
       Link:
         C:\Program Files (x86)\Microsoft Visual Studio 10.0\VC\bin\link.exe /ERRORREPORT:PROMPT /OUT:"E:\Алгоритмы\Eulerian_cycle\Debug\Eulerian_cycle.exe" /INCREMENTAL /NOLOGO kernel32.lib user32.lib gdi32.lib winspool.lib comdlg32.lib advapi32.lib shell32.lib ole32.lib oleaut32.lib uuid.lib odbc32.lib odbccp32.lib /MANIFEST /ManifestFile:"Debug\Eulerian_cycle.exe.intermediate.manifest" /MANIFESTUAC:"level='asInvoker' uiAccess='false'" /DEBUG /PDB:"E:\Алгоритмы\Eulerian_cycle\Debug\Eulerian_cycle.pdb" /SUBSYSTEM:CONSOLE /TLBID:1 /DYNAMICBASE /NXCOMPAT /IMPLIB:"E:\Алгоритмы\Eulerian_cycle\Debug\Eulerian_cycle.lib" /MACHINE:X86 Debug\Eulerian_cycle.exe.embed.manifest.res
         Debug\Graph.obj
         Debug\main.obj
       Manifest:
         C:\Program Files (x86)\Microsoft SDKs\Windows\v7.0A\bin\mt.exe /nologo /verbose /out:"Debug\Eulerian_cycle.exe.embed.manifest" /manifest Debug\Eulerian_cycle.exe.intermediate.manifest
         Для всех выходных данных обновления не требуется.
       LinkEmbedManifest:
         Для всех выходных данных обновления не требуется.
         Eulerian_cycle.vcxproj -> E:\Алгоритмы\Eulerian_cycle\Debug\Eulerian_cycle.exe
       FinalizeBuildStatus:
         Файл "Debug\Eulerian_cycle.unsuccessfulbuild" удаляется.
         Обращение к "Debug\Eulerian_cycle.lastbuildstate".
     1>Построение проекта "E:\Алгоритмы\Eulerian_cycle\Eulerian_cycle\Eulerian_cycle.vcxproj" завершено (целевые объекты build).

Построение успешно завершено.

Затраченное время: 00:00:04.98
