Построение начато 18.05.2014 21:36:12.
     1>Проект "E:\Алгоритмы\RabinKarpAlgorithm\RabinKarpAlgorithm\RabinKarpAlgorithm.vcxproj" в узле 2 (целевые объекты build).
     1>InitializeBuildStatus:
         Создание "Debug\RabinKarpAlgorithm.unsuccessfulbuild", так как было задано "AlwaysCreate".
       ClCompile:
         C:\Program Files (x86)\Microsoft Visual Studio 10.0\VC\bin\CL.exe /c /ZI /nologo /W3 /WX- /Od /Oy- /D WIN32 /D _DEBUG /D _CONSOLE /D _UNICODE /D UNICODE /Gm /EHsc /RTC1 /MDd /GS /fp:precise /Zc:wchar_t /Zc:forScope /Fo"Debug\\" /Fd"Debug\vc100.pdb" /Gd /TP /analyze- /errorReport:prompt main.cpp
         main.cpp
     1>e:\алгоритмы\rabinkarpalgorithm\rabinkarpalgorithm\main.cpp(11): warning C4244: +=: преобразование "double" в "int", возможна потеря данных
     1>e:\алгоритмы\rabinkarpalgorithm\rabinkarpalgorithm\main.cpp(17): warning C4244: +=: преобразование "double" в "int", возможна потеря данных
     1>e:\алгоритмы\rabinkarpalgorithm\rabinkarpalgorithm\main.cpp(20): warning C4244: =: преобразование "double" в "int", возможна потеря данных
       ManifestResourceCompile:
         Для всех выходных данных обновления не требуется.
       Link:
         C:\Program Files (x86)\Microsoft Visual Studio 10.0\VC\bin\link.exe /ERRORREPORT:PROMPT /OUT:"E:\Алгоритмы\RabinKarpAlgorithm\Debug\RabinKarpAlgorithm.exe" /INCREMENTAL /NOLOGO kernel32.lib user32.lib gdi32.lib winspool.lib comdlg32.lib advapi32.lib shell32.lib ole32.lib oleaut32.lib uuid.lib odbc32.lib odbccp32.lib /MANIFEST /ManifestFile:"Debug\RabinKarpAlgorithm.exe.intermediate.manifest" /MANIFESTUAC:"level='asInvoker' uiAccess='false'" /DEBUG /PDB:"E:\Алгоритмы\RabinKarpAlgorithm\Debug\RabinKarpAlgorithm.pdb" /SUBSYSTEM:CONSOLE /TLBID:1 /DYNAMICBASE /NXCOMPAT /IMPLIB:"E:\Алгоритмы\RabinKarpAlgorithm\Debug\RabinKarpAlgorithm.lib" /MACHINE:X86 Debug\RabinKarpAlgorithm.exe.embed.manifest.res
         Debug\main.obj
       Manifest:
         C:\Program Files (x86)\Microsoft SDKs\Windows\v7.0A\bin\mt.exe /nologo /verbose /out:"Debug\RabinKarpAlgorithm.exe.embed.manifest" /manifest Debug\RabinKarpAlgorithm.exe.intermediate.manifest
         Для всех выходных данных обновления не требуется.
       LinkEmbedManifest:
         Для всех выходных данных обновления не требуется.
         RabinKarpAlgorithm.vcxproj -> E:\Алгоритмы\RabinKarpAlgorithm\Debug\RabinKarpAlgorithm.exe
       FinalizeBuildStatus:
         Файл "Debug\RabinKarpAlgorithm.unsuccessfulbuild" удаляется.
         Обращение к "Debug\RabinKarpAlgorithm.lastbuildstate".
     1>Построение проекта "E:\Алгоритмы\RabinKarpAlgorithm\RabinKarpAlgorithm\RabinKarpAlgorithm.vcxproj" завершено (целевые объекты build).

Построение успешно завершено.

Затраченное время: 00:00:01.45
