Построение начато 09.04.2014 9:55:14.
     1>Проект "E:\Алгоритмы\Branch and bound algorithm\Branch and bound algorithm\Branch and bound algorithm.vcxproj" в узле 2 (целевые объекты build).
     1>InitializeBuildStatus:
         Создание "Debug\Branch and bound algorithm.unsuccessfulbuild", так как было задано "AlwaysCreate".
       ClCompile:
         C:\Program Files (x86)\Microsoft Visual Studio 10.0\VC\bin\CL.exe /c /ZI /nologo /W3 /WX- /Od /Oy- /D WIN32 /D _DEBUG /D _CONSOLE /D _UNICODE /D UNICODE /Gm /EHsc /RTC1 /MDd /GS /fp:precise /Zc:wchar_t /Zc:forScope /Fo"Debug\\" /Fd"Debug\vc100.pdb" /Gd /TP /analyze- /errorReport:prompt Functions.cpp
         Functions.cpp
       ManifestResourceCompile:
         Для всех выходных данных обновления не требуется.
       Link:
         C:\Program Files (x86)\Microsoft Visual Studio 10.0\VC\bin\link.exe /ERRORREPORT:PROMPT /OUT:"E:\Алгоритмы\Branch and bound algorithm\Debug\Branch and bound algorithm.exe" /INCREMENTAL /NOLOGO kernel32.lib user32.lib gdi32.lib winspool.lib comdlg32.lib advapi32.lib shell32.lib ole32.lib oleaut32.lib uuid.lib odbc32.lib odbccp32.lib /MANIFEST /ManifestFile:"Debug\Branch and bound algorithm.exe.intermediate.manifest" /MANIFESTUAC:"level='asInvoker' uiAccess='false'" /DEBUG /PDB:"E:\Алгоритмы\Branch and bound algorithm\Debug\Branch and bound algorithm.pdb" /SUBSYSTEM:CONSOLE /TLBID:1 /DYNAMICBASE /NXCOMPAT /IMPLIB:"E:\Алгоритмы\Branch and bound algorithm\Debug\Branch and bound algorithm.lib" /MACHINE:X86 "Debug\Branch and bound algorithm.exe.embed.manifest.res"
         Debug\Functions.obj
         Debug\main.obj
       Manifest:
         C:\Program Files (x86)\Microsoft SDKs\Windows\v7.0A\bin\mt.exe /nologo /verbose /out:"Debug\Branch and bound algorithm.exe.embed.manifest" /manifest "Debug\Branch and bound algorithm.exe.intermediate.manifest"
         Для всех выходных данных обновления не требуется.
       LinkEmbedManifest:
         Для всех выходных данных обновления не требуется.
         Branch and bound algorithm.vcxproj -> E:\Алгоритмы\Branch and bound algorithm\Debug\Branch and bound algorithm.exe
       FinalizeBuildStatus:
         Файл "Debug\Branch and bound algorithm.unsuccessfulbuild" удаляется.
         Обращение к "Debug\Branch and bound algorithm.lastbuildstate".
     1>Построение проекта "E:\Алгоритмы\Branch and bound algorithm\Branch and bound algorithm\Branch and bound algorithm.vcxproj" завершено (целевые объекты build).

Построение успешно завершено.

Затраченное время: 00:00:07.59
